<?xml version="1.0" encoding="UTF-8"?>
<!-- Generated by org.testng.reporters.JUnitReportReporter -->
<testsuite hostname="ankush" failures="0" tests="8" name="testNG02.GroupFlag" time="0.024" errors="0" timestamp="2023-01-23T12:42:52 IST" skipped="0">
  <testcase classname="testNG02.GroupFlag" name="st4" time="0.001"/>
  <system-out>
    <![CDATA[System Testing 4]]>
  </system-out>
  <testcase classname="testNG02.GroupFlag" name="st3" time="0.001"/>
  <system-out>
    <![CDATA[System Testing 3]]>
  </system-out>
  <testcase classname="testNG02.GroupFlag" name="it2" time="0.002"/>
  <system-out>
    <![CDATA[Integration Testing 2]]>
  </system-out>
  <testcase classname="testNG02.GroupFlag" name="it1" time="0.013"/>
  <system-out>
    <![CDATA[Integration Testing 1]]>
  </system-out>
  <testcase classname="testNG02.GroupFlag" name="it3" time="0.002"/>
  <system-out>
    <![CDATA[Integration Testing 3]]>
  </system-out>
  <testcase classname="testNG02.GroupFlag" name="st1" time="0.002"/>
  <system-out>
    <![CDATA[System Testing 1]]>
  </system-out>
  <testcase classname="testNG02.GroupFlag" name="st2" time="0.002"/>
  <system-out>
    <![CDATA[System Testing 2]]>
  </system-out>
  <testcase classname="testNG02.GroupFlag" name="it4" time="0.001"/>
  <system-out>
    <![CDATA[Integration Testing 4]]>
  </system-out>
</testsuite> <!-- testNG02.GroupFlag -->
