<?xml version="1.0" encoding="UTF-8"?>
<!-- Generated by org.testng.reporters.JUnitReportReporter -->
<testsuite hostname="ankush" failures="0" tests="1" name="testNG02.Example03" time="8.711" errors="0" timestamp="2023-01-20T14:28:31 IST" skipped="0">
  <testcase classname="testNG02.Example03" name="bhosdiWala" time="8.711"/>
  <system-out/>
</testsuite> <!-- testNG02.Example03 -->
