<?xml version="1.0" encoding="UTF-8"?>
<!-- Generated by org.testng.reporters.JUnitReportReporter -->
<testsuite hostname="ankush" failures="0" tests="3" name="testNg.Example03" time="0.022" errors="0" timestamp="2023-01-19T15:02:14 IST" skipped="0">
  <testcase classname="testNg.Example03" name="remo02" time="0.002"/>
  <system-out>
    <![CDATA[remo02()]]>
  </system-out>
  <testcase classname="testNg.Example03" name="remo01" time="0.003"/>
  <system-out>
    <![CDATA[remo01()]]>
  </system-out>
  <testcase classname="testNg.Example03" name="remo" time="0.017"/>
  <system-out>
    <![CDATA[remo()]]>
  </system-out>
</testsuite> <!-- testNg.Example03 -->
