<?xml version="1.0" encoding="UTF-8"?>
<!-- Generated by org.testng.reporters.JUnitReportReporter -->
<testsuite hostname="ankush" failures="0" tests="3" name="testNg.Example02" time="0.007" errors="0" timestamp="2023-01-19T15:02:14 IST" skipped="0">
  <testcase classname="testNg.Example02" name="sumo01" time="0.003"/>
  <system-out>
    <![CDATA[sumo01()]]>
  </system-out>
  <testcase classname="testNg.Example02" name="sumo02" time="0.001"/>
  <system-out>
    <![CDATA[sumo02()]]>
  </system-out>
  <testcase classname="testNg.Example02" name="sumo" time="0.003"/>
  <system-out>
    <![CDATA[sumo()]]>
  </system-out>
</testsuite> <!-- testNg.Example02 -->
