<?xml version="1.0" encoding="UTF-8"?>
<!-- Generated by org.testng.reporters.JUnitReportReporter -->
<testsuite hostname="ankush" failures="0" tests="1" name="testNG02.ActiTimeValidCread" time="14.754" errors="0" timestamp="2023-01-21T16:42:59 IST" skipped="0">
  <testcase classname="testNG02.ActiTimeValidCread" name="login" time="14.754"/>
  <system-out/>
</testsuite> <!-- testNG02.ActiTimeValidCread -->
