<?xml version="1.0" encoding="UTF-8"?>
<!-- Generated by org.testng.reporters.JUnitReportReporter -->
<testsuite hostname="ankush" failures="0" tests="1" name="testNg.Example01" time="0.014" errors="0" timestamp="2023-01-19T18:31:03 IST" skipped="0">
  <testcase classname="testNg.Example01" name="demo01" time="0.014"/>
  <system-out>
    <![CDATA[demo01()]]>
  </system-out>
</testsuite> <!-- testNg.Example01 -->
