<?xml version="1.0" encoding="UTF-8"?>
<!-- Generated by org.testng.reporters.JUnitReportReporter -->
<testsuite hostname="ankush" failures="0" tests="1" name="testNG02.Example01" time="8.723" errors="0" timestamp="2023-01-20T14:32:44 IST" skipped="0">
  <testcase classname="testNG02.Example01" name="sql" time="8.723"/>
  <system-out>
    <![CDATA[bhosdiwale chacha]]>
  </system-out>
</testsuite> <!-- testNG02.Example01 -->
