<?xml version="1.0" encoding="UTF-8"?>
<!-- Generated by org.testng.reporters.JUnitReportReporter -->
<testsuite hostname="ankush" failures="0" tests="3" name="testNG02.NewTest" time="0.013" errors="0" timestamp="2023-01-26T19:09:31 IST" skipped="0">
  <testcase classname="testNG02.NewTest" name="login" time="0.011"/>
  <system-out>
    <![CDATA[log in is done]]>
  </system-out>
  <testcase classname="testNG02.NewTest" name="logOut" time="0.001"/>
  <system-out>
    <![CDATA[LogOut]]>
  </system-out>
  <testcase classname="testNG02.NewTest" name="createUSer" time="0.001"/>
  <system-out>
    <![CDATA[User Created]]>
  </system-out>
</testsuite> <!-- testNG02.NewTest -->
