<?xml version="1.0" encoding="UTF-8"?>
<!-- Generated by org.testng.reporters.JUnitReportReporter -->
<testsuite hostname="ankush" failures="0" tests="1" name="testNG02.EnabledFlag" time="6.092" errors="0" timestamp="2023-01-31T15:34:12 IST" skipped="0">
  <testcase classname="testNG02.EnabledFlag" name="java" time="6.092"/>
  <system-out>
    <![CDATA[sbjkbbdsj]]>
  </system-out>
</testsuite> <!-- testNG02.EnabledFlag -->
