<?xml version="1.0" encoding="UTF-8"?>
<!-- Generated by org.testng.reporters.JUnitReportReporter -->
<testsuite hostname="ankush" failures="0" tests="1" name="testNG02.DescriptionFlag" time="5.531" errors="0" timestamp="2023-01-31T15:44:55 IST" skipped="0">
  <testcase classname="testNG02.DescriptionFlag" name="sql" time="5.531"/>
  <system-out>
    <![CDATA[bhosdiwale chacha]]>
  </system-out>
</testsuite> <!-- testNG02.DescriptionFlag -->
