<?xml version="1.0" encoding="UTF-8"?>
<!-- Generated by org.testng.reporters.JUnitReportReporter -->
<testsuite hostname="ankush" failures="0" tests="9" name="testNG02.PriorityFlag" time="0.050" errors="0" timestamp="2023-01-21T14:16:55 IST" skipped="0">
  <testcase classname="testNG02.PriorityFlag" name="b1" time="0.003"/>
  <system-out>
    <![CDATA[b1()]]>
  </system-out>
  <testcase classname="testNG02.PriorityFlag" name="k1" time="0.003"/>
  <system-out>
    <![CDATA[r1()]]>
  </system-out>
  <testcase classname="testNG02.PriorityFlag" name="a1" time="0.019"/>
  <system-out>
    <![CDATA[a1()]]>
  </system-out>
  <testcase classname="testNG02.PriorityFlag" name="i1" time="0.005"/>
  <system-out>
    <![CDATA[i1()]]>
  </system-out>
  <testcase classname="testNG02.PriorityFlag" name="g1" time="0.002"/>
  <system-out>
    <![CDATA[g1()]]>
  </system-out>
  <testcase classname="testNG02.PriorityFlag" name="h1" time="0.013"/>
  <system-out>
    <![CDATA[h1()]]>
  </system-out>
  <testcase classname="testNG02.PriorityFlag" name="p1" time="0.003"/>
  <system-out>
    <![CDATA[p1()]]>
  </system-out>
  <testcase classname="testNG02.PriorityFlag" name="z1" time="0.001"/>
  <system-out>
    <![CDATA[z1()]]>
  </system-out>
  <testcase classname="testNG02.PriorityFlag" name="m1" time="0.001"/>
  <system-out>
    <![CDATA[m1()]]>
  </system-out>
</testsuite> <!-- testNG02.PriorityFlag -->
